#
# There is insufficient memory for the Java Runtime Environment to continue.
# Native memory allocation (mmap) failed to map 268435456 bytes for G1 virtual space
# Possible reasons:
#   The system is out of physical RAM or swap space
#   The process is running with CompressedOops enabled, and the Java Heap may be blocking the growth of the native heap
# Possible solutions:
#   Reduce memory load on the system
#   Increase physical memory or swap space
#   Check if swap backing store is full
#   Decrease Java heap size (-Xmx/-Xms)
#   Decrease number of Java threads
#   Decrease Java thread stack sizes (-Xss)
#   Set larger code cache with -XX:ReservedCodeCacheSize=
#   JVM is running with Zero Based Compressed Oops mode in which the Java heap is
#     placed in the first 32GB address space. The Java Heap base address is the
#     maximum limit for the native heap growth. Please use -XX:HeapBaseMinAddress
#     to set the Java Heap base and to place the Java Heap above 32GB virtual address.
# This output file may be truncated or incomplete.
#
#  Out of Memory Error (os_windows.cpp:3548), pid=144356, tid=134408
#
# JRE version:  (17.0.12+8) (build )
# Java VM: Java HotSpot(TM) 64-Bit Server VM (17.0.12+8-LTS-286, mixed mode, emulated-client, sharing, tiered, compressed oops, compressed class ptrs, g1 gc, windows-amd64)
# No core dump will be written. Minidumps are not enabled by default on client versions of Windows
#

---------------  S U M M A R Y ------------

Command Line: -XX:TieredStopAtLevel=1 -Dspring.output.ansi.enabled=always -Dcom.sun.management.jmxremote -Dspring.jmx.enabled=true -Dspring.liveBeansView.mbeanDomain -Dspring.application.admin.enabled=true -Dmanagement.endpoints.jmx.exposure.include=* -javaagent:C:\Program Files\JetBrains\IntelliJ IDEA 2024.1.4\lib\idea_rt.jar=51630:C:\Program Files\JetBrains\IntelliJ IDEA 2024.1.4\bin -Dfile.encoding=UTF-8 com.example.sjudormbackend.SjuDormBackendApplication

Host: AMD Ryzen 7 5800X 8-Core Processor             , 16 cores, 15G,  Windows 11 , 64 bit Build 22621 (10.0.22621.3958)
Time: Fri Aug 16 23:03:49 2024  Windows 11 , 64 bit Build 22621 (10.0.22621.3958) elapsed time: 0.012478 seconds (0d 0h 0m 0s)

---------------  T H R E A D  ---------------

Current thread (0x00000293c7733f30):  JavaThread "Unknown thread" [_thread_in_vm, id=134408, stack(0x000000a533300000,0x000000a533400000)]

Stack: [0x000000a533300000,0x000000a533400000]
Native frames: (J=compiled Java code, j=interpreted, Vv=VM code, C=native code)
V  [jvm.dll+0x67a04a]
V  [jvm.dll+0x7da4ed]
V  [jvm.dll+0x7dbe33]
V  [jvm.dll+0x7dc4a3]
V  [jvm.dll+0x24508f]
V  [jvm.dll+0x677089]
V  [jvm.dll+0x66bd32]
V  [jvm.dll+0x301fa6]
V  [jvm.dll+0x309546]
V  [jvm.dll+0x359d2e]
V  [jvm.dll+0x359f5f]
V  [jvm.dll+0x2d9078]
V  [jvm.dll+0x2d9fe4]
V  [jvm.dll+0x7aca21]
V  [jvm.dll+0x367591]
V  [jvm.dll+0x78b999]
V  [jvm.dll+0x3ec83f]
V  [jvm.dll+0x3ee471]
C  [jli.dll+0x5297]
C  [ucrtbase.dll+0x29333]
C  [KERNEL32.DLL+0x1257d]
C  [ntdll.dll+0x5af28]


---------------  P R O C E S S  ---------------

Threads class SMR info:
_java_thread_list=0x00007ffecfc27a18, length=0, elements={
}

Java Threads: ( => current thread )

Other Threads:
  0x00000293c77a22e0 GCTaskThread "GC Thread#0" [stack: 0x000000a533400000,0x000000a533500000] [id=147584]
  0x00000293c77b30d0 ConcurrentGCThread "G1 Main Marker" [stack: 0x000000a533500000,0x000000a533600000] [id=137412]
  0x00000293c77b4280 ConcurrentGCThread "G1 Conc#0" [stack: 0x000000a533600000,0x000000a533700000] [id=150536]

[error occurred during error reporting (printing all threads), id 0xc0000005, EXCEPTION_ACCESS_VIOLATION (0xc0000005) at pc=0x00007ffecf459b67]

VM state: not at safepoint (not fully initialized)

VM Mutex/Monitor currently owned by a thread:  ([mutex/lock_event])
[0x00000293c7730fe0] Heap_lock - owner thread: 0x00000293c7733f30

Heap address: 0x0000000701600000, size: 4074 MB, Compressed Oops mode: Zero based, Oop shift amount: 3

CDS archive(s) mapped at: [0x0000000000000000-0x0000000000000000-0x0000000000000000), size 0, SharedBaseAddress: 0x0000000800000000, ArchiveRelocationMode: 1.
Narrow klass base: 0x0000000000000000, Narrow klass shift: 0, Narrow klass range: 0x0

GC Precious Log:
<Empty>

Heap:
 garbage-first heap   total 0K, used 0K [0x0000000701600000, 0x0000000800000000)
  region size 2048K, 0 young (0K), 0 survivors (0K)

[error occurred during error reporting (printing heap information), id 0xc0000005, EXCEPTION_ACCESS_VIOLATION (0xc0000005) at pc=0x00007ffecf843859]

GC Heap History (0 events):
No events

Deoptimization events (0 events):
No events

Classes unloaded (0 events):
No events

Classes redefined (0 events):
No events

Internal exceptions (0 events):
No events

VM Operations (0 events):
No events

Events (1 events):
Event: 0.008 Loaded shared library C:\Program Files\Java\jdk-17\bin\java.dll


Dynamic libraries:
0x00007ff6dc900000 - 0x00007ff6dc910000 	C:\Program Files\Java\jdk-17\bin\java.exe
0x00007fff44f30000 - 0x00007fff45147000 	C:\WINDOWS\SYSTEM32\ntdll.dll
0x00007fff43310000 - 0x00007fff433d4000 	C:\WINDOWS\System32\KERNEL32.DLL
0x00007fff423c0000 - 0x00007fff4276d000 	C:\WINDOWS\System32\KERNELBASE.dll
0x00007fff42a50000 - 0x00007fff42b61000 	C:\WINDOWS\System32\ucrtbase.dll
0x00007fff15c50000 - 0x00007fff15c6b000 	C:\Program Files\Java\jdk-17\bin\VCRUNTIME140.dll
0x00007fff15c70000 - 0x00007fff15c89000 	C:\Program Files\Java\jdk-17\bin\jli.dll
0x00007fff42df0000 - 0x00007fff42ea2000 	C:\WINDOWS\System32\ADVAPI32.dll
0x00007fff42eb0000 - 0x00007fff42f57000 	C:\WINDOWS\System32\msvcrt.dll
0x00007fff43d40000 - 0x00007fff43de9000 	C:\WINDOWS\System32\sechost.dll
0x00007fff42c30000 - 0x00007fff42c58000 	C:\WINDOWS\System32\bcrypt.dll
0x00007fff439e0000 - 0x00007fff43af4000 	C:\WINDOWS\System32\RPCRT4.dll
0x00007fff44830000 - 0x00007fff449de000 	C:\WINDOWS\System32\USER32.dll
0x00007fff42770000 - 0x00007fff42796000 	C:\WINDOWS\System32\win32u.dll
0x00007fff33820000 - 0x00007fff33ab3000 	C:\WINDOWS\WinSxS\amd64_microsoft.windows.common-controls_6595b64144ccf1df_6.0.22621.3672_none_2713b9d173822955\COMCTL32.dll
0x00007fff43b00000 - 0x00007fff43b29000 	C:\WINDOWS\System32\GDI32.dll
0x00007fff42840000 - 0x00007fff42959000 	C:\WINDOWS\System32\gdi32full.dll
0x00007fff427a0000 - 0x00007fff4283a000 	C:\WINDOWS\System32\msvcp_win.dll
0x00007fff39af0000 - 0x00007fff39afa000 	C:\WINDOWS\SYSTEM32\VERSION.dll
0x00007fff43520000 - 0x00007fff43551000 	C:\WINDOWS\System32\IMM32.DLL
0x00007fff15c40000 - 0x00007fff15c4c000 	C:\Program Files\Java\jdk-17\bin\vcruntime140_1.dll
0x00007ffee8920000 - 0x00007ffee89ae000 	C:\Program Files\Java\jdk-17\bin\msvcp140.dll
0x00007ffecf170000 - 0x00007ffecfd50000 	C:\Program Files\Java\jdk-17\bin\server\jvm.dll
0x00007fff43fb0000 - 0x00007fff43fb8000 	C:\WINDOWS\System32\PSAPI.DLL
0x00007fff318f0000 - 0x00007fff31924000 	C:\WINDOWS\SYSTEM32\WINMM.dll
0x00007fff3b7a0000 - 0x00007fff3b7a9000 	C:\WINDOWS\SYSTEM32\WSOCK32.dll
0x00007fff42c60000 - 0x00007fff42cd1000 	C:\WINDOWS\System32\WS2_32.dll
0x00007fff41280000 - 0x00007fff41298000 	C:\WINDOWS\SYSTEM32\kernel.appcore.dll
0x00007ffef7fa0000 - 0x00007ffef7faa000 	C:\Program Files\Java\jdk-17\bin\jimage.dll
0x00007fff2fc00000 - 0x00007fff2fe32000 	C:\WINDOWS\SYSTEM32\DBGHELP.DLL
0x00007fff42f80000 - 0x00007fff4330d000 	C:\WINDOWS\System32\combase.dll
0x00007fff43c40000 - 0x00007fff43d17000 	C:\WINDOWS\System32\OLEAUT32.dll
0x00007fff28120000 - 0x00007fff28152000 	C:\WINDOWS\SYSTEM32\dbgcore.DLL
0x00007fff42960000 - 0x00007fff429db000 	C:\WINDOWS\System32\bcryptPrimitives.dll
0x00007ffef7f90000 - 0x00007ffef7f9e000 	C:\Program Files\Java\jdk-17\bin\instrument.dll
0x00007ffef7f60000 - 0x00007ffef7f85000 	C:\Program Files\Java\jdk-17\bin\java.dll

dbghelp: loaded successfully - version: 4.0.5 - missing functions: none
symbol engine: initialized successfully - sym options: 0x614 - pdb path: .;C:\Program Files\Java\jdk-17\bin;C:\WINDOWS\SYSTEM32;C:\WINDOWS\WinSxS\amd64_microsoft.windows.common-controls_6595b64144ccf1df_6.0.22621.3672_none_2713b9d173822955;C:\Program Files\Java\jdk-17\bin\server

VM Arguments:
jvm_args: -XX:TieredStopAtLevel=1 -Dspring.output.ansi.enabled=always -Dcom.sun.management.jmxremote -Dspring.jmx.enabled=true -Dspring.liveBeansView.mbeanDomain -Dspring.application.admin.enabled=true -Dmanagement.endpoints.jmx.exposure.include=* -javaagent:C:\Program Files\JetBrains\IntelliJ IDEA 2024.1.4\lib\idea_rt.jar=51630:C:\Program Files\JetBrains\IntelliJ IDEA 2024.1.4\bin -Dfile.encoding=UTF-8 
java_command: com.example.sjudormbackend.SjuDormBackendApplication
java_class_path (initial): C:\Users\00kwh\SJU-Dorm-App\SJUDorm-backend\build\classes\java\main;C:\Users\00kwh\SJU-Dorm-App\SJUDorm-backend\build\resources\main;C:\Users\00kwh\.gradle\caches\modules-2\files-2.1\org.projectlombok\lombok\1.18.32\17d46b3e205515e1e8efd3ee4d57ce8018914163\lombok-1.18.32.jar;C:\Users\00kwh\.gradle\caches\modules-2\files-2.1\org.springframework.boot\spring-boot-starter-security\3.3.1\8bd079c5339fc519fce243858cb3db819a983e9b\spring-boot-starter-security-3.3.1.jar;C:\Users\00kwh\.gradle\caches\modules-2\files-2.1\org.springframework.boot\spring-boot-starter-data-jpa\3.3.1\f12725d58a944eaf4d44334a6a7b0fe14ed08577\spring-boot-starter-data-jpa-3.3.1.jar;C:\Users\00kwh\.gradle\caches\modules-2\files-2.1\org.springframework.boot\spring-boot-starter-thymeleaf\3.3.1\bfaf6d8f8f8498d5c35758204af71aceb22c21eb\spring-boot-starter-thymeleaf-3.3.1.jar;C:\Users\00kwh\.gradle\caches\modules-2\files-2.1\org.springframework.boot\spring-boot-starter-web-services\3.3.1\165aee0973be88be157cf98c841f7ffc3361e483\spring-boot-starter-web-services-3.3.1.jar;C:\Users\00kwh\.gradle\caches\modules-2\files-2.1\org.springframework.boot\spring-boot-starter-web\3.3.1\ec812e82a010d089438b6ac98ebe294f2e540f71\spring-boot-starter-web-3.3.1.jar;C:\Users\00kwh\.gradle\caches\modules-2\files-2.1\org.thymeleaf.extras\thymeleaf-extras-springsecurity6\3.1.2.RELEASE\574c188eb147191e2f162419e9fc780fcf3256d7\thymeleaf-extras-springsecurity6-3.1.2.RELEASE.jar;C:\Users\00kwh\.gradle\caches\modules-2\files-2.1\org.jsoup\jsoup\1.13.1\f9577f3732bb7caa4fee8aba5053158f4010c118\jsoup-1.13.1.jar;C:\Users\00kwh\.gradle\caches\modules-2\files-2.1\org.seleniumhq.selenium\selenium-java\4.23.1\2cc38c8dbef9d6e8774f05c2d2e8088180858ed4\selenium-java-4.23.1.jar;C:\Users\00kwh\.gradle\caches\modules-2\files-2.1\org.springframework.boot\spring-boot-starter\3.3.1\30e0ac13cfa51c77db60909ea28572a1e973f186\spring-boot-starter-3.3.1.jar;C:\Users\00kwh\.gradle\caches\modules-2\files-2.1\org.springframework.s
Launcher Type: SUN_STANDARD

[Global flags]
     intx CICompilerCount                          = 12                                        {product} {ergonomic}
     uint ConcGCThreads                            = 3                                         {product} {ergonomic}
     uint G1ConcRefinementThreads                  = 13                                        {product} {ergonomic}
   size_t G1HeapRegionSize                         = 2097152                                   {product} {ergonomic}
    uintx GCDrainStackTargetSize                   = 64                                        {product} {ergonomic}
   size_t InitialHeapSize                          = 268435456                                 {product} {ergonomic}
     bool ManagementServer                         = true                                      {product} {command line}
   size_t MarkStackSize                            = 4194304                                   {product} {ergonomic}
   size_t MaxHeapSize                              = 4271898624                                {product} {ergonomic}
   size_t MinHeapDeltaBytes                        = 2097152                                   {product} {ergonomic}
   size_t MinHeapSize                              = 8388608                                   {product} {ergonomic}
    uintx NonProfiledCodeHeapSize                  = 0                                      {pd product} {ergonomic}
     bool ProfileInterpreter                       = false                                  {pd product} {command line}
    uintx ProfiledCodeHeapSize                     = 0                                      {pd product} {ergonomic}
   size_t SoftMaxHeapSize                          = 4271898624                             {manageable} {ergonomic}
     intx TieredStopAtLevel                        = 1                                         {product} {command line}
     bool UseCompressedClassPointers               = true                           {product lp64_product} {ergonomic}
     bool UseCompressedOops                        = true                           {product lp64_product} {ergonomic}
     bool UseG1GC                                  = true                                      {product} {ergonomic}
     bool UseLargePagesIndividualAllocation        = false                                  {pd product} {ergonomic}

Logging:
Log output configuration:
 #0: stdout all=warning uptime,level,tags
 #1: stderr all=off uptime,level,tags

Environment Variables:
PATH=C:\Program Files\Common Files\Oracle\Java\javapath;C:\WINDOWS\system32;C:\WINDOWS;C:\WINDOWS\System32\Wbem;C:\WINDOWS\System32\WindowsPowerShell\v1.0\;C:\WINDOWS\System32\OpenSSH\;C:\Program Files (x86)\NVIDIA Corporation\PhysX\Common;C:\Program Files\NVIDIA Corporation\NVIDIA NvDLISR;C:\Program Files\Git\cmd;C:\WINDOWS\system32;C:\WINDOWS;C:\WINDOWS\System32\Wbem;C:\WINDOWS\System32\WindowsPowerShell\v1.0\;C:\WINDOWS\System32\OpenSSH\;C:\Program Files\MySQL\MySQL Shell 8.0\bin\;C:\Users\00kwh\AppData\Local\Programs\Python\Python310\Scripts\;C:\Users\00kwh\AppData\Local\Programs\Python\Python310\;C:\Users\00kwh\AppData\Local\Microsoft\WindowsApps;C:\Program Files\Bandizip\;;C:\Users\00kwh\AppData\Local\Programs\Microsoft VS Code\bin;C:\Users\00kwh\AppData\Local\afreeca
USERNAME=00kwh
OS=Windows_NT
PROCESSOR_IDENTIFIER=AMD64 Family 25 Model 33 Stepping 2, AuthenticAMD



---------------  S Y S T E M  ---------------

OS:
 Windows 11 , 64 bit Build 22621 (10.0.22621.3958)
OS uptime: 0 days 3:28 hours

CPU: total 16 (initial active 16) (16 cores per cpu, 2 threads per core) family 25 model 33 stepping 2 microcode 0x0, cx8, cmov, fxsr, ht, mmx, 3dnowpref, sse, sse2, sse3, ssse3, sse4a, sse4.1, sse4.2, popcnt, lzcnt, tsc, tscinvbit, avx, avx2, aes, erms, clmul, bmi1, bmi2, adx, sha, fma, vzeroupper, clflush, clflushopt

Memory: 4k page, system-wide physical 16291M (632M free)
TotalPageFile size 65443M (AvailPageFile size 98M)
current process WorkingSet (physical memory assigned to process): 11M, peak: 11M
current process commit charge ("private bytes"): 66M, peak: 322M

vm_info: Java HotSpot(TM) 64-Bit Server VM (17.0.12+8-LTS-286) for windows-amd64 JRE (17.0.12+8-LTS-286), built on Jun  5 2024 06:46:59 by "mach5one" with MS VC++ 17.6 (VS2022)

END.
